# JRE version: OpenJDK Runtime Environment (8.0_131-b11) (build 1.8.0_131-8u131-b11-2ubuntu1.16.04.3-b11)
# Java VM: OpenJDK 64-Bit Server VM (25.131-b11 mixed mode linux-amd64 compressed oops)
Heap:
 PSYoungGen      total 30208K, used 5816K [0x00000000d9300000, 0x00000000db480000, 0x0000000100000000)
  eden space 27136K, 11% used [0x00000000d9300000,0x00000000d95ed0d8,0x00000000dad80000)
  from space 3072K, 91% used [0x00000000db180000,0x00000000db4412d0,0x00000000db480000)
  to   space 3584K, 0% used [0x00000000dad80000,0x00000000dad80000,0x00000000db100000)
 ParOldGen       total 61440K, used 55889K [0x000000008b800000, 0x000000008f400000, 0x00000000d9300000)
  object space 61440K, 90% used [0x000000008b800000,0x000000008ee94668,0x000000008f400000)
 Metaspace       used 33917K, capacity 34518K, committed 34688K, reserved 1079296K
  class space    used 3728K, capacity 3925K, committed 3968K, reserved 1048576K
GC Heap History (10 events):
Event: 31246,570 GC heap before
{Heap before GC invocations=111 (full 1):
 PSYoungGen      total 31232K, used 29784K [0x00000000d9300000, 0x00000000db580000, 0x0000000100000000)
  eden space 27136K, 99% used [0x00000000d9300000,0x00000000dad7e198,0x00000000dad80000)
  from space 4096K, 64% used [0x00000000dad80000,0x00000000db018000,0x00000000db180000)
  to   space 4096K, 0% used [0x00000000db180000,0x00000000db180000,0x00000000db580000)
 ParOldGen       total 61440K, used 55064K [0x000000008b800000, 0x000000008f400000, 0x00000000d9300000)
  object space 61440K, 89% used [0x000000008b800000,0x000000008edc61c8,0x000000008f400000)
 Metaspace       used 33917K, capacity 34518K, committed 34688K, reserved 1079296K
  class space    used 3728K, capacity 3925K, committed 3968K, reserved 1048576K
Event: 31246,583 GC heap after
Heap after GC invocations=111 (full 1):
 PSYoungGen      total 31232K, used 2656K [0x00000000d9300000, 0x00000000db580000, 0x0000000100000000)
  eden space 27136K, 0% used [0x00000000d9300000,0x00000000d9300000,0x00000000dad80000)
  from space 4096K, 64% used [0x00000000db180000,0x00000000db418010,0x00000000db580000)
  to   space 4096K, 0% used [0x00000000dad80000,0x00000000dad80000,0x00000000db180000)
 ParOldGen       total 61440K, used 55244K [0x000000008b800000, 0x000000008f400000, 0x00000000d9300000)
  object space 61440K, 89% used [0x000000008b800000,0x000000008edf3108,0x000000008f400000)
 Metaspace       used 33917K, capacity 34518K, committed 34688K, reserved 1079296K
  class space    used 3728K, capacity 3925K, committed 3968K, reserved 1048576K
}
Event: 31251,364 GC heap before
{Heap before GC invocations=112 (full 1):
 PSYoungGen      total 31232K, used 29792K [0x00000000d9300000, 0x00000000db580000, 0x0000000100000000)
  eden space 27136K, 100% used [0x00000000d9300000,0x00000000dad80000,0x00000000dad80000)
  from space 4096K, 64% used [0x00000000db180000,0x00000000db418010,0x00000000db580000)
  to   space 4096K, 0% used [0x00000000dad80000,0x00000000dad80000,0x00000000db180000)
 ParOldGen       total 61440K, used 55244K [0x000000008b800000, 0x000000008f400000, 0x00000000d9300000)
  object space 61440K, 89% used [0x000000008b800000,0x000000008edf3108,0x000000008f400000)
 Metaspace       used 33917K, capacity 34518K, committed 34688K, reserved 1079296K
  class space    used 3728K, capacity 3925K, committed 3968K, reserved 1048576K
Event: 31251,378 GC heap after
Heap after GC invocations=112 (full 1):
 PSYoungGen      total 31232K, used 2688K [0x00000000d9300000, 0x00000000db580000, 0x0000000100000000)
  eden space 27136K, 0% used [0x00000000d9300000,0x00000000d9300000,0x00000000dad80000)
  from space 4096K, 65% used [0x00000000dad80000,0x00000000db020000,0x00000000db180000)
  to   space 4096K, 0% used [0x00000000db180000,0x00000000db180000,0x00000000db580000)
 ParOldGen       total 61440K, used 55387K [0x000000008b800000, 0x000000008f400000, 0x00000000d9300000)
  object space 61440K, 90% used [0x000000008b800000,0x000000008ee16c78,0x000000008f400000)
 Metaspace       used 33917K, capacity 34518K, committed 34688K, reserved 1079296K
  class space    used 3728K, capacity 3925K, committed 3968K, reserved 1048576K
}
Event: 31255,549 GC heap before
{Heap before GC invocations=113 (full 1):
 PSYoungGen      total 31232K, used 29824K [0x00000000d9300000, 0x00000000db580000, 0x0000000100000000)
  eden space 27136K, 100% used [0x00000000d9300000,0x00000000dad80000,0x00000000dad80000)
  from space 4096K, 65% used [0x00000000dad80000,0x00000000db020000,0x00000000db180000)
  to   space 4096K, 0% used [0x00000000db180000,0x00000000db180000,0x00000000db580000)
 ParOldGen       total 61440K, used 55387K [0x000000008b800000, 0x000000008f400000, 0x00000000d9300000)
  object space 61440K, 90% used [0x000000008b800000,0x000000008ee16c78,0x000000008f400000)
 Metaspace       used 33917K, capacity 34518K, committed 34688K, reserved 1079296K
  class space    used 3728K, capacity 3925K, committed 3968K, reserved 1048576K
Event: 31255,558 GC heap after
Heap after GC invocations=113 (full 1):
 PSYoungGen      total 31232K, used 2624K [0x00000000d9300000, 0x00000000db580000, 0x0000000100000000)
  eden space 27136K, 0% used [0x00000000d9300000,0x00000000d9300000,0x00000000dad80000)
  from space 4096K, 64% used [0x00000000db180000,0x00000000db410000,0x00000000db580000)
  to   space 4096K, 0% used [0x00000000dad80000,0x00000000dad80000,0x00000000db180000)
 ParOldGen       total 61440K, used 55566K [0x000000008b800000, 0x000000008f400000, 0x00000000d9300000)
  object space 61440K, 90% used [0x000000008b800000,0x000000008ee43bb8,0x000000008f400000)
 Metaspace       used 33917K, capacity 34518K, committed 34688K, reserved 1079296K
  class space    used 3728K, capacity 3925K, committed 3968K, reserved 1048576K
}
Event: 31260,629 GC heap before
{Heap before GC invocations=114 (full 1):
 PSYoungGen      total 31232K, used 29760K [0x00000000d9300000, 0x00000000db580000, 0x0000000100000000)
  eden space 27136K, 100% used [0x00000000d9300000,0x00000000dad80000,0x00000000dad80000)
  from space 4096K, 64% used [0x00000000db180000,0x00000000db410000,0x00000000db580000)
  to   space 4096K, 0% used [0x00000000dad80000,0x00000000dad80000,0x00000000db180000)
 ParOldGen       total 61440K, used 55566K [0x000000008b800000, 0x000000008f400000, 0x00000000d9300000)
  object space 61440K, 90% used [0x000000008b800000,0x000000008ee43bb8,0x000000008f400000)
 Metaspace       used 33917K, capacity 34518K, committed 34688K, reserved 1079296K
  class space    used 3728K, capacity 3925K, committed 3968K, reserved 1048576K
Event: 31260,643 GC heap after
Heap after GC invocations=114 (full 1):
 PSYoungGen      total 31232K, used 2688K [0x00000000d9300000, 0x00000000db580000, 0x0000000100000000)
  eden space 27136K, 0% used [0x00000000d9300000,0x00000000d9300000,0x00000000dad80000)
  from space 4096K, 65% used [0x00000000dad80000,0x00000000db020000,0x00000000db180000)
  to   space 4096K, 0% used [0x00000000db180000,0x00000000db180000,0x00000000db580000)
 ParOldGen       total 61440K, used 55709K [0x000000008b800000, 0x000000008f400000, 0x00000000d9300000)
  object space 61440K, 90% used [0x000000008b800000,0x000000008ee67728,0x000000008f400000)
 Metaspace       used 33917K, capacity 34518K, committed 34688K, reserved 1079296K
  class space    used 3728K, capacity 3925K, committed 3968K, reserved 1048576K
}
Event: 31264,547 GC heap before
{Heap before GC invocations=115 (full 1):
 PSYoungGen      total 31232K, used 29824K [0x00000000d9300000, 0x00000000db580000, 0x0000000100000000)
  eden space 27136K, 100% used [0x00000000d9300000,0x00000000dad80000,0x00000000dad80000)
  from space 4096K, 65% used [0x00000000dad80000,0x00000000db020000,0x00000000db180000)
  to   space 4096K, 0% used [0x00000000db180000,0x00000000db180000,0x00000000db580000)
 ParOldGen       total 61440K, used 55709K [0x000000008b800000, 0x000000008f400000, 0x00000000d9300000)
  object space 61440K, 90% used [0x000000008b800000,0x000000008ee67728,0x000000008f400000)
 Metaspace       used 33917K, capacity 34518K, committed 34688K, reserved 1079296K
  class space    used 3728K, capacity 3925K, committed 3968K, reserved 1048576K
Event: 31264,550 GC heap after
Heap after GC invocations=115 (full 1):
 PSYoungGen      total 30208K, used 2820K [0x00000000d9300000, 0x00000000db480000, 0x0000000100000000)
  eden space 27136K, 0% used [0x00000000d9300000,0x00000000d9300000,0x00000000dad80000)
  from space 3072K, 91% used [0x00000000db180000,0x00000000db4412d0,0x00000000db480000)
  to   space 3584K, 0% used [0x00000000dad80000,0x00000000dad80000,0x00000000db100000)
 ParOldGen       total 61440K, used 55889K [0x000000008b800000, 0x000000008f400000, 0x00000000d9300000)
  object space 61440K, 90% used [0x000000008b800000,0x000000008ee94668,0x000000008f400000)
 Metaspace       used 33917K, capacity 34518K, committed 34688K, reserved 1079296K
  class space    used 3728K, capacity 3925K, committed 3968K, reserved 1048576K
}

