# JRE version: OpenJDK Runtime Environment (8.0_151-b12) (build 1.8.0_151-8u151-b12-0ubuntu0.16.04.2-b12)
# Java VM: OpenJDK 64-Bit Server VM (25.151-b12 mixed mode linux-amd64 compressed oops)
Heap:
 PSYoungGen      total 44544K, used 39762K [0x00000000d9300000, 0x00000000dc600000, 0x0000000100000000)
  eden space 43008K, 89% used [0x00000000d9300000,0x00000000db8687f8,0x00000000dbd00000)
  from space 1536K, 94% used [0x00000000dbe00000,0x00000000dbf6c010,0x00000000dbf80000)
  to   space 4608K, 0% used [0x00000000dc180000,0x00000000dc180000,0x00000000dc600000)
 ParOldGen       total 57856K, used 25248K [0x000000008b800000, 0x000000008f080000, 0x00000000d9300000)
  object space 57856K, 43% used [0x000000008b800000,0x000000008d0a82f8,0x000000008f080000)
 Metaspace       used 31899K, capacity 32480K, committed 32768K, reserved 1079296K
  class space    used 3374K, capacity 3542K, committed 3584K, reserved 1048576K
GC Heap History (10 events):
Event: 1768,389 GC heap before
{Heap before GC invocations=54 (full 1):
 PSYoungGen      total 52224K, used 49736K [0x00000000d9300000, 0x00000000dcd00000, 0x0000000100000000)
  eden space 48128K, 99% used [0x00000000d9300000,0x00000000dc1fe368,0x00000000dc200000)
  from space 4096K, 39% used [0x00000000dc900000,0x00000000dca94010,0x00000000dcd00000)
  to   space 5632K, 0% used [0x00000000dc200000,0x00000000dc200000,0x00000000dc780000)
 ParOldGen       total 57856K, used 24696K [0x000000008b800000, 0x000000008f080000, 0x00000000d9300000)
  object space 57856K, 42% used [0x000000008b800000,0x000000008d01e2f8,0x000000008f080000)
 Metaspace       used 31899K, capacity 32480K, committed 32768K, reserved 1079296K
  class space    used 3374K, capacity 3542K, committed 3584K, reserved 1048576K
Event: 1768,393 GC heap after
Heap after GC invocations=54 (full 1):
 PSYoungGen      total 48640K, used 1504K [0x00000000d9300000, 0x00000000dcc00000, 0x0000000100000000)
  eden space 47104K, 0% used [0x00000000d9300000,0x00000000d9300000,0x00000000dc100000)
  from space 1536K, 97% used [0x00000000dc200000,0x00000000dc378000,0x00000000dc380000)
  to   space 5632K, 0% used [0x00000000dc680000,0x00000000dc680000,0x00000000dcc00000)
 ParOldGen       total 57856K, used 24816K [0x000000008b800000, 0x000000008f080000, 0x00000000d9300000)
  object space 57856K, 42% used [0x000000008b800000,0x000000008d03c2f8,0x000000008f080000)
 Metaspace       used 31899K, capacity 32480K, committed 32768K, reserved 1079296K
  class space    used 3374K, capacity 3542K, committed 3584K, reserved 1048576K
}
Event: 1789,303 GC heap before
{Heap before GC invocations=55 (full 1):
 PSYoungGen      total 48640K, used 48608K [0x00000000d9300000, 0x00000000dcc00000, 0x0000000100000000)
  eden space 47104K, 100% used [0x00000000d9300000,0x00000000dc100000,0x00000000dc100000)
  from space 1536K, 97% used [0x00000000dc200000,0x00000000dc378000,0x00000000dc380000)
  to   space 5632K, 0% used [0x00000000dc680000,0x00000000dc680000,0x00000000dcc00000)
 ParOldGen       total 57856K, used 24816K [0x000000008b800000, 0x000000008f080000, 0x00000000d9300000)
  object space 57856K, 42% used [0x000000008b800000,0x000000008d03c2f8,0x000000008f080000)
 Metaspace       used 31899K, capacity 32480K, committed 32768K, reserved 1079296K
  class space    used 3374K, capacity 3542K, committed 3584K, reserved 1048576K
Event: 1789,305 GC heap after
Heap after GC invocations=55 (full 1):
 PSYoungGen      total 49664K, used 1582K [0x00000000d9300000, 0x00000000dca00000, 0x0000000100000000)
  eden space 46080K, 0% used [0x00000000d9300000,0x00000000d9300000,0x00000000dc000000)
  from space 3584K, 44% used [0x00000000dc680000,0x00000000dc80ba20,0x00000000dca00000)
  to   space 5120K, 0% used [0x00000000dc000000,0x00000000dc000000,0x00000000dc500000)
 ParOldGen       total 57856K, used 24936K [0x000000008b800000, 0x000000008f080000, 0x00000000d9300000)
  object space 57856K, 43% used [0x000000008b800000,0x000000008d05a2f8,0x000000008f080000)
 Metaspace       used 31899K, capacity 32480K, committed 32768K, reserved 1079296K
  class space    used 3374K, capacity 3542K, committed 3584K, reserved 1048576K
}
Event: 1808,701 GC heap before
{Heap before GC invocations=56 (full 1):
 PSYoungGen      total 49664K, used 47662K [0x00000000d9300000, 0x00000000dca00000, 0x0000000100000000)
  eden space 46080K, 100% used [0x00000000d9300000,0x00000000dc000000,0x00000000dc000000)
  from space 3584K, 44% used [0x00000000dc680000,0x00000000dc80ba20,0x00000000dca00000)
  to   space 5120K, 0% used [0x00000000dc000000,0x00000000dc000000,0x00000000dc500000)
 ParOldGen       total 57856K, used 24936K [0x000000008b800000, 0x000000008f080000, 0x00000000d9300000)
  object space 57856K, 43% used [0x000000008b800000,0x000000008d05a2f8,0x000000008f080000)
 Metaspace       used 31899K, capacity 32480K, committed 32768K, reserved 1079296K
  class space    used 3374K, capacity 3542K, committed 3584K, reserved 1048576K
Event: 1808,703 GC heap after
Heap after GC invocations=56 (full 1):
 PSYoungGen      total 46592K, used 1472K [0x00000000d9300000, 0x00000000dc900000, 0x0000000100000000)
  eden space 45056K, 0% used [0x00000000d9300000,0x00000000d9300000,0x00000000dbf00000)
  from space 1536K, 95% used [0x00000000dc000000,0x00000000dc170000,0x00000000dc180000)
  to   space 5120K, 0% used [0x00000000dc400000,0x00000000dc400000,0x00000000dc900000)
 ParOldGen       total 57856K, used 25048K [0x000000008b800000, 0x000000008f080000, 0x00000000d9300000)
  object space 57856K, 43% used [0x000000008b800000,0x000000008d0762f8,0x000000008f080000)
 Metaspace       used 31899K, capacity 32480K, committed 32768K, reserved 1079296K
  class space    used 3374K, capacity 3542K, committed 3584K, reserved 1048576K
}
Event: 1836,731 GC heap before
{Heap before GC invocations=57 (full 1):
 PSYoungGen      total 46592K, used 46528K [0x00000000d9300000, 0x00000000dc900000, 0x0000000100000000)
  eden space 45056K, 100% used [0x00000000d9300000,0x00000000dbf00000,0x00000000dbf00000)
  from space 1536K, 95% used [0x00000000dc000000,0x00000000dc170000,0x00000000dc180000)
  to   space 5120K, 0% used [0x00000000dc400000,0x00000000dc400000,0x00000000dc900000)
 ParOldGen       total 57856K, used 25048K [0x000000008b800000, 0x000000008f080000, 0x00000000d9300000)
  object space 57856K, 43% used [0x000000008b800000,0x000000008d0762f8,0x000000008f080000)
 Metaspace       used 31899K, capacity 32480K, committed 32768K, reserved 1079296K
  class space    used 3374K, capacity 3542K, committed 3584K, reserved 1048576K
Event: 1836,741 GC heap after
Heap after GC invocations=57 (full 1):
 PSYoungGen      total 48128K, used 1392K [0x00000000d9300000, 0x00000000dc800000, 0x0000000100000000)
  eden space 44032K, 0% used [0x00000000d9300000,0x00000000d9300000,0x00000000dbe00000)
  from space 4096K, 33% used [0x00000000dc400000,0x00000000dc55c010,0x00000000dc800000)
  to   space 5120K, 0% used [0x00000000dbe00000,0x00000000dbe00000,0x00000000dc300000)
 ParOldGen       total 57856K, used 25144K [0x000000008b800000, 0x000000008f080000, 0x00000000d9300000)
  object space 57856K, 43% used [0x000000008b800000,0x000000008d08e2f8,0x000000008f080000)
 Metaspace       used 31899K, capacity 32480K, committed 32768K, reserved 1079296K
  class space    used 3374K, capacity 3542K, committed 3584K, reserved 1048576K
}
Event: 1856,426 GC heap before
{Heap before GC invocations=58 (full 1):
 PSYoungGen      total 48128K, used 45424K [0x00000000d9300000, 0x00000000dc800000, 0x0000000100000000)
  eden space 44032K, 100% used [0x00000000d9300000,0x00000000dbe00000,0x00000000dbe00000)
  from space 4096K, 33% used [0x00000000dc400000,0x00000000dc55c010,0x00000000dc800000)
  to   space 5120K, 0% used [0x00000000dbe00000,0x00000000dbe00000,0x00000000dc300000)
 ParOldGen       total 57856K, used 25144K [0x000000008b800000, 0x000000008f080000, 0x00000000d9300000)
  object space 57856K, 43% used [0x000000008b800000,0x000000008d08e2f8,0x000000008f080000)
 Metaspace       used 31899K, capacity 32480K, committed 32768K, reserved 1079296K
  class space    used 3374K, capacity 3542K, committed 3584K, reserved 1048576K
Event: 1856,428 GC heap after
Heap after GC invocations=58 (full 1):
 PSYoungGen      total 44544K, used 1456K [0x00000000d9300000, 0x00000000dc600000, 0x0000000100000000)
  eden space 43008K, 0% used [0x00000000d9300000,0x00000000d9300000,0x00000000dbd00000)
  from space 1536K, 94% used [0x00000000dbe00000,0x00000000dbf6c010,0x00000000dbf80000)
  to   space 4608K, 0% used [0x00000000dc180000,0x00000000dc180000,0x00000000dc600000)
 ParOldGen       total 57856K, used 25248K [0x000000008b800000, 0x000000008f080000, 0x00000000d9300000)
  object space 57856K, 43% used [0x000000008b800000,0x000000008d0a82f8,0x000000008f080000)
 Metaspace       used 31899K, capacity 32480K, committed 32768K, reserved 1079296K
  class space    used 3374K, capacity 3542K, committed 3584K, reserved 1048576K
}

