# JRE version: OpenJDK Runtime Environment (8.0_131-b11) (build 1.8.0_131-8u131-b11-2ubuntu1.16.04.3-b11)
# Java VM: OpenJDK 64-Bit Server VM (25.131-b11 mixed mode linux-amd64 compressed oops)
Heap:
 PSYoungGen      total 28672K, used 10449K [0x00000000d9300000, 0x00000000db200000, 0x0000000100000000)
  eden space 25600K, 31% used [0x00000000d9300000,0x00000000d9ac4610,0x00000000dac00000)
  from space 3072K, 81% used [0x00000000daf00000,0x00000000db170000,0x00000000db200000)
  to   space 3072K, 0% used [0x00000000dac00000,0x00000000dac00000,0x00000000daf00000)
 ParOldGen       total 91136K, used 84855K [0x000000008b800000, 0x0000000091100000, 0x00000000d9300000)
  object space 91136K, 93% used [0x000000008b800000,0x0000000090adde18,0x0000000091100000)
 Metaspace       used 32908K, capacity 33390K, committed 33920K, reserved 1079296K
  class space    used 3655K, capacity 3809K, committed 3968K, reserved 1048576K
GC Heap History (10 events):
Event: 5187,364 GC heap before
{Heap before GC invocations=500 (full 2):
 PSYoungGen      total 28672K, used 28032K [0x00000000d9300000, 0x00000000db200000, 0x0000000100000000)
  eden space 25600K, 100% used [0x00000000d9300000,0x00000000dac00000,0x00000000dac00000)
  from space 3072K, 79% used [0x00000000dac00000,0x00000000dae60000,0x00000000daf00000)
  to   space 3072K, 0% used [0x00000000daf00000,0x00000000daf00000,0x00000000db200000)
 ParOldGen       total 91136K, used 84120K [0x000000008b800000, 0x0000000091100000, 0x00000000d9300000)
  object space 91136K, 92% used [0x000000008b800000,0x0000000090a26118,0x0000000091100000)
 Metaspace       used 32908K, capacity 33390K, committed 33920K, reserved 1079296K
  class space    used 3655K, capacity 3809K, committed 3968K, reserved 1048576K
Event: 5187,368 GC heap after
Heap after GC invocations=500 (full 2):
 PSYoungGen      total 28672K, used 2464K [0x00000000d9300000, 0x00000000db200000, 0x0000000100000000)
  eden space 25600K, 0% used [0x00000000d9300000,0x00000000d9300000,0x00000000dac00000)
  from space 3072K, 80% used [0x00000000daf00000,0x00000000db168000,0x00000000db200000)
  to   space 3072K, 0% used [0x00000000dac00000,0x00000000dac00000,0x00000000daf00000)
 ParOldGen       total 91136K, used 84255K [0x000000008b800000, 0x0000000091100000, 0x00000000d9300000)
  object space 91136K, 92% used [0x000000008b800000,0x0000000090a47c88,0x0000000091100000)
 Metaspace       used 32908K, capacity 33390K, committed 33920K, reserved 1079296K
  class space    used 3655K, capacity 3809K, committed 3968K, reserved 1048576K
}
Event: 5193,406 GC heap before
{Heap before GC invocations=501 (full 2):
 PSYoungGen      total 28672K, used 28064K [0x00000000d9300000, 0x00000000db200000, 0x0000000100000000)
  eden space 25600K, 100% used [0x00000000d9300000,0x00000000dac00000,0x00000000dac00000)
  from space 3072K, 80% used [0x00000000daf00000,0x00000000db168000,0x00000000db200000)
  to   space 3072K, 0% used [0x00000000dac00000,0x00000000dac00000,0x00000000daf00000)
 ParOldGen       total 91136K, used 84255K [0x000000008b800000, 0x0000000091100000, 0x00000000d9300000)
  object space 91136K, 92% used [0x000000008b800000,0x0000000090a47c88,0x0000000091100000)
 Metaspace       used 32908K, capacity 33390K, committed 33920K, reserved 1079296K
  class space    used 3655K, capacity 3809K, committed 3968K, reserved 1048576K
Event: 5193,408 GC heap after
Heap after GC invocations=501 (full 2):
 PSYoungGen      total 28672K, used 2496K [0x00000000d9300000, 0x00000000db200000, 0x0000000100000000)
  eden space 25600K, 0% used [0x00000000d9300000,0x00000000d9300000,0x00000000dac00000)
  from space 3072K, 81% used [0x00000000dac00000,0x00000000dae70000,0x00000000daf00000)
  to   space 3072K, 0% used [0x00000000daf00000,0x00000000daf00000,0x00000000db200000)
 ParOldGen       total 91136K, used 84397K [0x000000008b800000, 0x0000000091100000, 0x00000000d9300000)
  object space 91136K, 92% used [0x000000008b800000,0x0000000090a6b7f8,0x0000000091100000)
 Metaspace       used 32908K, capacity 33390K, committed 33920K, reserved 1079296K
  class space    used 3655K, capacity 3809K, committed 3968K, reserved 1048576K
}
Event: 5199,490 GC heap before
{Heap before GC invocations=502 (full 2):
 PSYoungGen      total 28672K, used 28059K [0x00000000d9300000, 0x00000000db200000, 0x0000000100000000)
  eden space 25600K, 99% used [0x00000000d9300000,0x00000000dabf6ef8,0x00000000dac00000)
  from space 3072K, 81% used [0x00000000dac00000,0x00000000dae70000,0x00000000daf00000)
  to   space 3072K, 0% used [0x00000000daf00000,0x00000000daf00000,0x00000000db200000)
 ParOldGen       total 91136K, used 84397K [0x000000008b800000, 0x0000000091100000, 0x00000000d9300000)
  object space 91136K, 92% used [0x000000008b800000,0x0000000090a6b7f8,0x0000000091100000)
 Metaspace       used 32908K, capacity 33390K, committed 33920K, reserved 1079296K
  class space    used 3655K, capacity 3809K, committed 3968K, reserved 1048576K
Event: 5199,493 GC heap after
Heap after GC invocations=502 (full 2):
 PSYoungGen      total 28672K, used 2619K [0x00000000d9300000, 0x00000000db200000, 0x0000000100000000)
  eden space 25600K, 0% used [0x00000000d9300000,0x00000000d9300000,0x00000000dac00000)
  from space 3072K, 85% used [0x00000000daf00000,0x00000000db18ef18,0x00000000db200000)
  to   space 3072K, 0% used [0x00000000dac00000,0x00000000dac00000,0x00000000daf00000)
 ParOldGen       total 91136K, used 84554K [0x000000008b800000, 0x0000000091100000, 0x00000000d9300000)
  object space 91136K, 92% used [0x000000008b800000,0x0000000090a92a08,0x0000000091100000)
 Metaspace       used 32908K, capacity 33390K, committed 33920K, reserved 1079296K
  class space    used 3655K, capacity 3809K, committed 3968K, reserved 1048576K
}
Event: 5207,470 GC heap before
{Heap before GC invocations=503 (full 2):
 PSYoungGen      total 28672K, used 28219K [0x00000000d9300000, 0x00000000db200000, 0x0000000100000000)
  eden space 25600K, 100% used [0x00000000d9300000,0x00000000dac00000,0x00000000dac00000)
  from space 3072K, 85% used [0x00000000daf00000,0x00000000db18ef18,0x00000000db200000)
  to   space 3072K, 0% used [0x00000000dac00000,0x00000000dac00000,0x00000000daf00000)
 ParOldGen       total 91136K, used 84554K [0x000000008b800000, 0x0000000091100000, 0x00000000d9300000)
  object space 91136K, 92% used [0x000000008b800000,0x0000000090a92a08,0x0000000091100000)
 Metaspace       used 32908K, capacity 33390K, committed 33920K, reserved 1079296K
  class space    used 3655K, capacity 3809K, committed 3968K, reserved 1048576K
Event: 5207,473 GC heap after
Heap after GC invocations=503 (full 2):
 PSYoungGen      total 28672K, used 2480K [0x00000000d9300000, 0x00000000db200000, 0x0000000100000000)
  eden space 25600K, 0% used [0x00000000d9300000,0x00000000d9300000,0x00000000dac00000)
  from space 3072K, 80% used [0x00000000dac00000,0x00000000dae6c2d8,0x00000000daf00000)
  to   space 3072K, 0% used [0x00000000daf00000,0x00000000daf00000,0x00000000db200000)
 ParOldGen       total 91136K, used 84720K [0x000000008b800000, 0x0000000091100000, 0x00000000d9300000)
  object space 91136K, 92% used [0x000000008b800000,0x0000000090abc2a8,0x0000000091100000)
 Metaspace       used 32908K, capacity 33390K, committed 33920K, reserved 1079296K
  class space    used 3655K, capacity 3809K, committed 3968K, reserved 1048576K
}
Event: 5213,516 GC heap before
{Heap before GC invocations=504 (full 2):
 PSYoungGen      total 28672K, used 28080K [0x00000000d9300000, 0x00000000db200000, 0x0000000100000000)
  eden space 25600K, 100% used [0x00000000d9300000,0x00000000dac00000,0x00000000dac00000)
  from space 3072K, 80% used [0x00000000dac00000,0x00000000dae6c2d8,0x00000000daf00000)
  to   space 3072K, 0% used [0x00000000daf00000,0x00000000daf00000,0x00000000db200000)
 ParOldGen       total 91136K, used 84720K [0x000000008b800000, 0x0000000091100000, 0x00000000d9300000)
  object space 91136K, 92% used [0x000000008b800000,0x0000000090abc2a8,0x0000000091100000)
 Metaspace       used 32908K, capacity 33390K, committed 33920K, reserved 1079296K
  class space    used 3655K, capacity 3809K, committed 3968K, reserved 1048576K
Event: 5213,523 GC heap after
Heap after GC invocations=504 (full 2):
 PSYoungGen      total 28672K, used 2496K [0x00000000d9300000, 0x00000000db200000, 0x0000000100000000)
  eden space 25600K, 0% used [0x00000000d9300000,0x00000000d9300000,0x00000000dac00000)
  from space 3072K, 81% used [0x00000000daf00000,0x00000000db170000,0x00000000db200000)
  to   space 3072K, 0% used [0x00000000dac00000,0x00000000dac00000,0x00000000daf00000)
 ParOldGen       total 91136K, used 84855K [0x000000008b800000, 0x0000000091100000, 0x00000000d9300000)
  object space 91136K, 93% used [0x000000008b800000,0x0000000090adde18,0x0000000091100000)
 Metaspace       used 32908K, capacity 33390K, committed 33920K, reserved 1079296K
  class space    used 3655K, capacity 3809K, committed 3968K, reserved 1048576K
}

